<?xml version="1.0" encoding="UTF-8"?>
<!-- Generated by org.testng.reporters.JUnitXMLReporter -->
<testsuite hostname="DESKTOP-49H7V6R" ignored="0" name="Test" tests="3" failures="0" timestamp="05 Jan 2021 11:19:57 GMT" time="34.693" errors="0">
  <testcase name="enterordofy" time="11.331" classname="ordofyFeaturesTestClasses.ordofymultitest1"/>
  <testcase name="clickNewOrder" time="11.904" classname="ordofyFeaturesTestClasses.Ordofymultytest"/>
  <testcase name="clickNewOrder" time="11.442" classname="ordofyFeaturesTestClasses.CustomOrderTest"/>
</testsuite> <!-- Test -->
